#
# There is insufficient memory for the Java Runtime Environment to continue.
# Native memory allocation (mmap) failed to map 536870912 bytes for G1 virtual space
# Possible reasons:
#   The system is out of physical RAM or swap space
#   The process is running with CompressedOops enabled, and the Java Heap may be blocking the growth of the native heap
# Possible solutions:
#   Reduce memory load on the system
#   Increase physical memory or swap space
#   Check if swap backing store is full
#   Decrease Java heap size (-Xmx/-Xms)
#   Decrease number of Java threads
#   Decrease Java thread stack sizes (-Xss)
#   Set larger code cache with -XX:ReservedCodeCacheSize=
#   JVM is running with Zero Based Compressed Oops mode in which the Java heap is
#     placed in the first 32GB address space. The Java Heap base address is the
#     maximum limit for the native heap growth. Please use -XX:HeapBaseMinAddress
#     to set the Java Heap base and to place the Java Heap above 32GB virtual address.
# This output file may be truncated or incomplete.
#
#  Out of Memory Error (os_windows.cpp:3557), pid=19608, tid=33404
#
# JRE version:  (17.0.6+10) (build )
# Java VM: OpenJDK 64-Bit Server VM (17.0.6+10, mixed mode, sharing, tiered, compressed oops, compressed class ptrs, g1 gc, windows-amd64)
# No core dump will be written. Minidumps are not enabled by default on client versions of Windows
#

---------------  S U M M A R Y ------------

Command Line: -Xms512m -Dfile.encoding=UTF-8 --module-path=C:\Users\나영우\eclipse-workspace\OxQuiz\bin -XX:+ShowCodeDetailsInExceptionMessages -Djdk.module.main=OxQuiz OxQuiz/problem.ProgramUImain

Host: Intel(R) Core(TM) i7-8550U CPU @ 1.80GHz, 8 cores, 15G,  Windows 10 , 64 bit Build 19041 (10.0.19041.3636)
Time: Tue Feb 13 14:13:35 2024  Windows 10 , 64 bit Build 19041 (10.0.19041.3636) elapsed time: 0.020513 seconds (0d 0h 0m 0s)

---------------  T H R E A D  ---------------

Current thread (0x0000027023b5eb00):  JavaThread "Unknown thread" [_thread_in_vm, id=33404, stack(0x000000addb500000,0x000000addb600000)]

Stack: [0x000000addb500000,0x000000addb600000]
Native frames: (J=compiled Java code, j=interpreted, Vv=VM code, C=native code)
V  [jvm.dll+0x67741a]
V  [jvm.dll+0x834434]
V  [jvm.dll+0x835bde]
V  [jvm.dll+0x836243]
V  [jvm.dll+0x2457b5]
V  [jvm.dll+0x674329]
V  [jvm.dll+0x6689da]
V  [jvm.dll+0x30489b]
V  [jvm.dll+0x30bd96]
V  [jvm.dll+0x35b57e]
V  [jvm.dll+0x35b7af]
V  [jvm.dll+0x2db778]
V  [jvm.dll+0x2dc6e4]
V  [jvm.dll+0x806131]
V  [jvm.dll+0x369331]
V  [jvm.dll+0x7e56ac]
V  [jvm.dll+0x3eb35f]
V  [jvm.dll+0x3ecea1]
C  [jli.dll+0x5267]
C  [ucrtbase.dll+0x21bb2]
C  [KERNEL32.DLL+0x17344]
C  [ntdll.dll+0x526b1]


---------------  P R O C E S S  ---------------

Threads class SMR info:
_java_thread_list=0x00007fffc2975fd8, length=0, elements={
}

Java Threads: ( => current thread )

Other Threads:
  0x0000027025d32f40 GCTaskThread "GC Thread#0" [stack: 0x000000addb600000,0x000000addb700000] [id=41588]
  0x0000027025d44990 ConcurrentGCThread "G1 Main Marker" [stack: 0x000000addb700000,0x000000addb800000] [id=32160]
  0x0000027025d45240 ConcurrentGCThread "G1 Conc#0" [stack: 0x000000addb800000,0x000000addb900000] [id=41404]

[error occurred during error reporting (printing all threads), id 0xc0000005, EXCEPTION_ACCESS_VIOLATION (0xc0000005) at pc=0x00007fffc214c1e7]

VM state: not at safepoint (not fully initialized)

VM Mutex/Monitor currently owned by a thread:  ([mutex/lock_event])
[0x0000027025cbdf10] Heap_lock - owner thread: 0x0000027023b5eb00

Heap address: 0x0000000701400000, size: 4076 MB, Compressed Oops mode: Zero based, Oop shift amount: 3

CDS archive(s) mapped at: [0x0000000000000000-0x0000000000000000-0x0000000000000000), size 0, SharedBaseAddress: 0x0000000800000000, ArchiveRelocationMode: 0.
Narrow klass base: 0x0000000000000000, Narrow klass shift: 0, Narrow klass range: 0x0

GC Precious Log:
<Empty>

Heap:
 garbage-first heap   total 0K, used 0K [0x0000000701400000, 0x0000000800000000)
  region size 2048K, 0 young (0K), 0 survivors (0K)

[error occurred during error reporting (printing heap information), id 0xc0000005, EXCEPTION_ACCESS_VIOLATION (0xc0000005) at pc=0x00007fffc25306f9]

GC Heap History (0 events):
No events

Dll operation events (1 events):
Event: 0.014 Loaded shared library C:\Users\나영우\eclipse-jee-2023-03-R-win32-x86_64\eclipse\plugins\org.eclipse.justj.openjdk.hotspot.jre.full.win32.x86_64_17.0.6.v20230204-1729\jre\bin\java.dll

Deoptimization events (0 events):
No events

Classes unloaded (0 events):
No events

Classes redefined (0 events):
No events

Internal exceptions (0 events):
No events

VM Operations (0 events):
No events

Events (0 events):
No events


Dynamic libraries:
0x00007ff6ed190000 - 0x00007ff6ed19e000 	C:\Users\나영우\eclipse-jee-2023-03-R-win32-x86_64\eclipse\plugins\org.eclipse.justj.openjdk.hotspot.jre.full.win32.x86_64_17.0.6.v20230204-1729\jre\bin\javaw.exe
0x00007ff82d1d0000 - 0x00007ff82d3c8000 	C:\WINDOWS\SYSTEM32\ntdll.dll
0x00007ff82b900000 - 0x00007ff82b9bd000 	C:\WINDOWS\System32\KERNEL32.DLL
0x00007ff82ad20000 - 0x00007ff82b016000 	C:\WINDOWS\System32\KERNELBASE.dll
0x00007ff82aad0000 - 0x00007ff82abd0000 	C:\WINDOWS\System32\ucrtbase.dll
0x00007ff820eb0000 - 0x00007ff820ec9000 	C:\Users\나영우\eclipse-jee-2023-03-R-win32-x86_64\eclipse\plugins\org.eclipse.justj.openjdk.hotspot.jre.full.win32.x86_64_17.0.6.v20230204-1729\jre\bin\VCRUNTIME140.dll
0x00007ff820e70000 - 0x00007ff820e87000 	C:\Users\나영우\eclipse-jee-2023-03-R-win32-x86_64\eclipse\plugins\org.eclipse.justj.openjdk.hotspot.jre.full.win32.x86_64_17.0.6.v20230204-1729\jre\bin\jli.dll
0x00007ff82cc90000 - 0x00007ff82ce2e000 	C:\WINDOWS\System32\USER32.dll
0x00007ff82ac40000 - 0x00007ff82ac62000 	C:\WINDOWS\System32\win32u.dll
0x00007ff82b8a0000 - 0x00007ff82b8cc000 	C:\WINDOWS\System32\GDI32.dll
0x00007ff82a8a0000 - 0x00007ff82a9ba000 	C:\WINDOWS\System32\gdi32full.dll
0x00007ff8161b0000 - 0x00007ff81644a000 	C:\WINDOWS\WinSxS\amd64_microsoft.windows.common-controls_6595b64144ccf1df_6.0.19041.3636_none_60b6a03d71f818d5\COMCTL32.dll
0x00007ff82b020000 - 0x00007ff82b0bd000 	C:\WINDOWS\System32\msvcp_win.dll
0x00007ff82bb60000 - 0x00007ff82bbfe000 	C:\WINDOWS\System32\msvcrt.dll
0x00007ff82b8d0000 - 0x00007ff82b900000 	C:\WINDOWS\System32\IMM32.DLL
0x00007ff820cc0000 - 0x00007ff820ccc000 	C:\Users\나영우\eclipse-jee-2023-03-R-win32-x86_64\eclipse\plugins\org.eclipse.justj.openjdk.hotspot.jre.full.win32.x86_64_17.0.6.v20230204-1729\jre\bin\vcruntime140_1.dll
0x00007ffff7380000 - 0x00007ffff7411000 	C:\Users\나영우\eclipse-jee-2023-03-R-win32-x86_64\eclipse\plugins\org.eclipse.justj.openjdk.hotspot.jre.full.win32.x86_64_17.0.6.v20230204-1729\jre\bin\msvcp140.dll
0x00007fffc1e60000 - 0x00007fffc2aa7000 	C:\Users\나영우\eclipse-jee-2023-03-R-win32-x86_64\eclipse\plugins\org.eclipse.justj.openjdk.hotspot.jre.full.win32.x86_64_17.0.6.v20230204-1729\jre\bin\server\jvm.dll
0x00007ff82bc00000 - 0x00007ff82bcb3000 	C:\WINDOWS\System32\ADVAPI32.dll
0x00007ff82bf30000 - 0x00007ff82bfcf000 	C:\WINDOWS\System32\sechost.dll
0x00007ff82bfd0000 - 0x00007ff82c0f6000 	C:\WINDOWS\System32\RPCRT4.dll
0x00007ff82aa10000 - 0x00007ff82aa37000 	C:\WINDOWS\System32\bcrypt.dll
0x00007ff812e90000 - 0x00007ff812e99000 	C:\WINDOWS\SYSTEM32\WSOCK32.dll
0x00007ff8173a0000 - 0x00007ff8173c7000 	C:\WINDOWS\SYSTEM32\WINMM.dll
0x00007ff820430000 - 0x00007ff82043a000 	C:\WINDOWS\SYSTEM32\VERSION.dll
0x00007ff82c240000 - 0x00007ff82c2ab000 	C:\WINDOWS\System32\WS2_32.dll
0x00007ff8290e0000 - 0x00007ff8290f2000 	C:\WINDOWS\SYSTEM32\kernel.appcore.dll
0x00007ff820410000 - 0x00007ff82041a000 	C:\Users\나영우\eclipse-jee-2023-03-R-win32-x86_64\eclipse\plugins\org.eclipse.justj.openjdk.hotspot.jre.full.win32.x86_64_17.0.6.v20230204-1729\jre\bin\jimage.dll
0x00007ff828640000 - 0x00007ff828824000 	C:\WINDOWS\SYSTEM32\DBGHELP.DLL
0x00007ff810ff0000 - 0x00007ff811024000 	C:\WINDOWS\SYSTEM32\dbgcore.DLL
0x00007ff82aa40000 - 0x00007ff82aac2000 	C:\WINDOWS\System32\bcryptPrimitives.dll
0x00007ff80eeb0000 - 0x00007ff80eed5000 	C:\Users\나영우\eclipse-jee-2023-03-R-win32-x86_64\eclipse\plugins\org.eclipse.justj.openjdk.hotspot.jre.full.win32.x86_64_17.0.6.v20230204-1729\jre\bin\java.dll

dbghelp: loaded successfully - version: 4.0.5 - missing functions: none
symbol engine: initialized successfully - sym options: 0x614 - pdb path: .;C:\Users\나영우\eclipse-jee-2023-03-R-win32-x86_64\eclipse\plugins\org.eclipse.justj.openjdk.hotspot.jre.full.win32.x86_64_17.0.6.v20230204-1729\jre\bin;C:\WINDOWS\SYSTEM32;C:\WINDOWS\WinSxS\amd64_microsoft.windows.common-controls_6595b64144ccf1df_6.0.19041.3636_none_60b6a03d71f818d5;C:\Users\나영우\eclipse-jee-2023-03-R-win32-x86_64\eclipse\plugins\org.eclipse.justj.openjdk.hotspot.jre.full.win32.x86_64_17.0.6.v20230204-1729\jre\bin\;C:\Users\나영우\eclipse-jee-2023-03-R-win32-x86_64\eclipse\plugins\org.eclipse.justj.openjdk.hotspot.jre.full.win32.x86_64_17.0.6.v20230204-1729\jre\b

VM Arguments:
jvm_args: -Xms512m -Dfile.encoding=UTF-8 --module-path=C:\Users\나영우\eclipse-workspace\OxQuiz\bin -XX:+ShowCodeDetailsInExceptionMessages -Djdk.module.main=OxQuiz 
java_command: OxQuiz/problem.ProgramUImain
java_class_path (initial): <not set>
Launcher Type: SUN_STANDARD

[Global flags]
     intx CICompilerCount                          = 4                                         {product} {ergonomic}
     uint ConcGCThreads                            = 2                                         {product} {ergonomic}
     uint G1ConcRefinementThreads                  = 8                                         {product} {ergonomic}
   size_t G1HeapRegionSize                         = 2097152                                   {product} {ergonomic}
    uintx GCDrainStackTargetSize                   = 64                                        {product} {ergonomic}
   size_t InitialHeapSize                          = 536870912                                 {product} {command line}
   size_t MarkStackSize                            = 4194304                                   {product} {ergonomic}
   size_t MaxHeapSize                              = 4273995776                                {product} {ergonomic}
   size_t MinHeapDeltaBytes                        = 2097152                                   {product} {ergonomic}
   size_t MinHeapSize                              = 536870912                                 {product} {command line}
    uintx NonNMethodCodeHeapSize                   = 5839372                                {pd product} {ergonomic}
    uintx NonProfiledCodeHeapSize                  = 122909434                              {pd product} {ergonomic}
    uintx ProfiledCodeHeapSize                     = 122909434                              {pd product} {ergonomic}
    uintx ReservedCodeCacheSize                    = 251658240                              {pd product} {ergonomic}
     bool SegmentedCodeCache                       = true                                      {product} {ergonomic}
     bool ShowCodeDetailsInExceptionMessages       = true                                   {manageable} {command line}
   size_t SoftMaxHeapSize                          = 4273995776                             {manageable} {ergonomic}
     bool UseCompressedClassPointers               = true                           {product lp64_product} {ergonomic}
     bool UseCompressedOops                        = true                           {product lp64_product} {ergonomic}
     bool UseG1GC                                  = true                                      {product} {ergonomic}
     bool UseLargePagesIndividualAllocation        = false                                  {pd product} {ergonomic}

Logging:
Log output configuration:
 #0: stdout all=warning uptime,level,tags
 #1: stderr all=off uptime,level,tags

Environment Variables:
JAVA_HOME=C:\Program Files\Java\jdk-1.8
PATH=C:/Users/나영우/eclipse-jee-2023-03-R-win32-x86_64/eclipse//plugins/org.eclipse.justj.openjdk.hotspot.jre.full.win32.x86_64_17.0.6.v20230204-1729/jre/bin/server;C:/Users/나영우/eclipse-jee-2023-03-R-win32-x86_64/eclipse//plugins/org.eclipse.justj.openjdk.hotspot.jre.full.win32.x86_64_17.0.6.v20230204-1729/jre/bin;C:\Program Files\Java\jdk-1.8\bin;C:\Program Files (x86)\VMware\VMware Player\bin\;C:\Program Files (x86)\NAT Service;C:\Program Files (x86)\Intel\iCLS Client\;C:\Program Files\Intel\iCLS Client\;C:\windows\system32;C:\windows;C:\windows\System32\Wbem;C:\windows\System32\WindowsPowerShell\v1.0\;C:\Program Files (x86)\NVIDIA Corporation\PhysX\Common;C:\Program Files (x86)\Intel\Intel(R) Management Engine Components\DAL;C:\Program Files\Intel\Intel(R) Management Engine Components\DAL;C:\Program Files (x86)\Intel\Intel(R) Management Engine Components\IPT;C:\Program Files\Intel\Intel(R) Management Engine Components\IPT;C:\WINDOWS\system32;C:\WINDOWS;C:\WINDOWS\System32\Wbem;C:\WINDOWS\System32\WindowsPowerShell\v1.0\;C:\WINDOWS\System32\OpenSSH\;C:\Program Files\Intel\WiFi\bin\;C:\Program Files\Common Files\Intel\WirelessCommon\;C:\Program Files\Microsoft SQL Server\130\Tools\Binn\;C:\Program Files\MySQL\MySQL Shell 8.0\bin\;C:\Users\나영우\AppData\Local\Microsoft\WindowsApps;C:\Users\나영우\eclipse-jee-2023-03-R-win32-x86_64\eclipse;
USERNAME=나영우
OS=Windows_NT
PROCESSOR_IDENTIFIER=Intel64 Family 6 Model 142 Stepping 10, GenuineIntel
TMP=C:\Users\나영우\AppData\Local\Temp
TEMP=C:\Users\나영우\AppData\Local\Temp



---------------  S Y S T E M  ---------------

OS:
 Windows 10 , 64 bit Build 19041 (10.0.19041.3636)
OS uptime: 21 days 14:23 hours

CPU: total 8 (initial active 8) (4 cores per cpu, 2 threads per core) family 6 model 142 stepping 10 microcode 0xb4, cx8, cmov, fxsr, ht, mmx, 3dnowpref, sse, sse2, sse3, ssse3, sse4.1, sse4.2, popcnt, lzcnt, tsc, tscinvbit, avx, avx2, aes, erms, clmul, bmi1, bmi2, adx, fma, vzeroupper, clflush, clflushopt

Memory: 4k page, system-wide physical 16296M (7438M free)
TotalPageFile size 65448M (AvailPageFile size 184M)
current process WorkingSet (physical memory assigned to process): 11M, peak: 11M
current process commit charge ("private bytes"): 60M, peak: 572M

vm_info: OpenJDK 64-Bit Server VM (17.0.6+10) for windows-amd64 JRE (17.0.6+10), built on Jan 18 2023 10:08:59 by "temurin" with MS VC++ 16.7 (VS2019)

END.
